 Image wealthspot-api Building 
#1 [internal] load local bake definitions
#1 reading from stdin 564B done
#1 DONE 0.0s

#2 [internal] load build definition from Dockerfile
#2 transferring dockerfile: 1.60kB 0.0s done
#2 DONE 0.0s

#3 [internal] load metadata for docker.io/library/python:3.12-slim
#3 DONE 0.1s

#4 [internal] load .dockerignore
#4 transferring context: 245B 0.0s done
#4 DONE 0.0s

#5 [development 1/6] FROM docker.io/library/python:3.12-slim@sha256:3d5ed973e45820f5ba5e46bd065bd88b3a504ff0724d85980dcd05eab361fcf4
#5 resolve docker.io/library/python:3.12-slim@sha256:3d5ed973e45820f5ba5e46bd065bd88b3a504ff0724d85980dcd05eab361fcf4 0.0s done
#5 DONE 0.0s

#6 [internal] load build context
#6 transferring context: 22.81kB 0.1s done
#6 DONE 0.1s

#7 [development 2/6] WORKDIR /app
#7 CACHED

#8 [development 3/6] RUN apt-get update && apt-get install -y --no-install-recommends     build-essential     && rm -rf /var/lib/apt/lists/*
#8 CACHED

#9 [development 4/6] RUN pip install --no-cache-dir uv
#9 CACHED

#10 [development 5/6] COPY . .
#10 DONE 1.3s

#11 [development 6/6] RUN uv pip install --system --no-cache ".[dev]"
#11 2.940 Using Python 3.12.13 environment at: /usr/local
#11 5.571 Resolved 94 packages in 2.42s
#11 5.611    Building wealthspot-api @ file:///app
#11 5.667 Downloading pygments (1.2MiB)
#11 5.759 Downloading pydantic-core (2.0MiB)
#11 5.770 Downloading asyncpg (3.4MiB)
#11 5.774 Downloading sqlalchemy (3.2MiB)
#11 5.784 Downloading stripe (2.0MiB)
#11 5.789 Downloading ruff (10.7MiB)
#11 5.794 Downloading cryptography (4.3MiB)
#11 5.794 Downloading faker (1.9MiB)
#11 5.795 Downloading uvloop (4.2MiB)
#11 5.795 Downloading mypy (14.0MiB)
#11 5.813 Downloading botocore (14.2MiB)
#11 11.19       Built wealthspot-api @ file:///app
#11 12.97  Downloaded pygments
#11 15.39  Downloaded faker
#11 15.51  Downloaded pydantic-core
#11 15.56  Downloaded stripe
#11 18.13  Downloaded sqlalchemy
#11 18.25  Downloaded asyncpg
#11 19.65  Downloaded uvloop
#11 19.73  Downloaded cryptography
#11 26.26  Downloaded ruff
#11 27.91  Downloaded mypy
#11 27.98  Downloaded botocore
#11 27.98 Prepared 94 packages in 22.39s
#11 28.97 Installed 94 packages in 989ms
#11 28.97  + aiosqlite==0.22.1
#11 28.97  + alembic==1.18.4
#11 28.97  + amqp==5.3.1
#11 28.97  + annotated-doc==0.0.4
#11 28.97  + annotated-types==0.7.0
#11 28.97  + anyio==4.13.0
#11 28.97  + asyncpg==0.31.0
#11 28.97  + bcrypt==5.0.0
#11 28.97  + billiard==4.2.4
#11 28.97  + boto3==1.42.88
#11 28.97  + botocore==1.42.88
#11 28.97  + celery==5.6.3
#11 28.97  + certifi==2026.2.25
#11 28.97  + cffi==2.0.0
#11 28.97  + charset-normalizer==3.4.7
#11 28.97  + click==8.3.2
#11 28.97  + click-didyoumean==0.3.1
#11 28.97  + click-plugins==1.1.1.2
#11 28.97  + click-repl==0.3.0
#11 28.97  + coverage==7.13.5
#11 28.97  + cryptography==46.0.7
#11 28.97  + dnspython==2.8.0
#11 28.97  + ecdsa==0.19.2
#11 28.97  + email-validator==2.3.0
#11 28.97  + faker==40.13.0
#11 28.97  + fastapi==0.135.3
#11 28.97  + fastapi-cli==0.0.24
#11 28.97  + fastapi-cloud-cli==0.16.1
#11 28.97  + fastar==0.10.0
#11 28.97  + greenlet==3.4.0
#11 28.97  + h11==0.16.0
#11 28.97  + httpcore==1.0.9
#11 28.97  + httptools==0.7.1
#11 28.97  + httpx==0.28.1
#11 28.97  + idna==3.11
#11 28.97  + iniconfig==2.3.0
#11 28.97  + jinja2==3.1.6
#11 28.97  + jmespath==1.1.0
#11 28.97  + kombu==5.6.2
#11 28.97  + librt==0.9.0
#11 28.97  + mako==1.3.10
#11 28.97  + markdown-it-py==4.0.0
#11 28.97  + markupsafe==3.0.3
#11 28.97  + mdurl==0.1.2
#11 28.97  + mypy==1.20.0
#11 28.97  + mypy-extensions==1.1.0
#11 28.97  + packaging==26.0
#11 28.97  + passlib==1.7.4
#11 28.97  + pathspec==1.0.4
#11 28.97  + pluggy==1.6.0
#11 28.97  + prompt-toolkit==3.0.52
#11 28.97  + pyasn1==0.6.3
#11 28.97  + pycparser==3.0
#11 28.97  + pydantic==2.12.5
#11 28.97  + pydantic-core==2.41.5
#11 28.97  + pydantic-extra-types==2.11.2
#11 28.97  + pydantic-settings==2.13.1
#11 28.97  + pygments==2.20.0
#11 28.97  + pytest==9.0.3
#11 28.97  + pytest-asyncio==1.3.0
#11 28.97  + pytest-cov==7.1.0
#11 28.97  + python-dateutil==2.9.0.post0
#11 28.97  + python-dotenv==1.2.2
#11 28.97  + python-jose==3.5.0
#11 28.97  + python-multipart==0.0.26
#11 28.97  + pyyaml==6.0.3
#11 28.97  + razorpay==2.0.1
#11 28.97  + redis==7.4.0
#11 28.97  + requests==2.33.1
#11 28.97  + rich==15.0.0
#11 28.97  + rich-toolkit==0.19.7
#11 28.97  + rignore==0.7.6
#11 28.97  + rsa==4.9.1
#11 28.97  + ruff==0.15.10
#11 28.97  + s3transfer==0.16.0
#11 28.97  + sentry-sdk==2.57.0
#11 28.97  + shellingham==1.5.4
#11 28.97  + six==1.17.0
#11 28.97  + sqlalchemy==2.0.49
#11 28.97  + starlette==1.0.0
#11 28.97  + stripe==15.0.1
#11 28.97  + typer==0.24.1
#11 28.97  + typing-extensions==4.15.0
#11 28.97  + typing-inspection==0.4.2
#11 28.97  + tzdata==2026.1
#11 28.97  + tzlocal==5.3.1
#11 28.97  + urllib3==2.6.3
#11 28.97  + uvicorn==0.44.0
#11 28.97  + uvloop==0.22.1
#11 28.97  + vine==5.1.0
#11 28.97  + watchfiles==1.1.1
#11 28.97  + wcwidth==0.6.0
#11 28.97  + wealthspot-api==0.1.0 (from file:///app)
#11 28.97  + websockets==16.0
#11 DONE 30.5s

#12 exporting to image
#12 exporting layers
#12 exporting layers 8.4s done
#12 exporting manifest sha256:7b2119788adce618d4b07dd378971e2f1607670c62cd31bd327b8ac955537a11 0.0s done
#12 exporting config sha256:59edee6359361ff1413678fa7cce1314bb971b9b10a372199f13af316e753c4c 0.0s done
#12 exporting attestation manifest sha256:84168923ef226c0d295a4ddfb068c267590bd489bd7a5a30d84c1722b2b68edf 0.0s done
#12 exporting manifest list sha256:73c1dfaa26a077939b52a6995f81d314732b92ab5bf8f77e7e67e746608ce331 0.0s done
#12 naming to docker.io/library/wealthspot-api:latest done
#12 unpacking to docker.io/library/wealthspot-api:latest
#12 unpacking to docker.io/library/wealthspot-api:latest 3.8s done
#12 DONE 12.3s

#13 resolving provenance for metadata file
#13 DONE 0.0s
 Image wealthspot-api Built 
