#1 [internal] load local bake definitions
#1 reading from stdin 537B done
#1 DONE 0.0s

#2 [internal] load build definition from Dockerfile
#2 DONE 0.0s

#2 [internal] load build definition from Dockerfile
#2 transferring dockerfile: 1.22kB done
#2 DONE 0.0s

#3 [internal] load metadata for docker.io/library/node:20-alpine
#3 DONE 1.2s

#4 [internal] load .dockerignore
#4 transferring context: 2B done
#4 DONE 0.0s

#5 [dev 1/7] FROM docker.io/library/node:20-alpine@sha256:f598378b5240225e6beab68fa9f356db1fb8efe55173e6d4d8153113bb8f333c
#5 resolve docker.io/library/node:20-alpine@sha256:f598378b5240225e6beab68fa9f356db1fb8efe55173e6d4d8153113bb8f333c 0.0s done
#5 DONE 0.0s

#6 [internal] load build context
#6 transferring context: 24B 5.1s
#6 transferring context: 28.95kB 13.3s
#6 transferring context: 54.95kB 13.4s done
#6 DONE 13.4s

#7 [dev 4/7] COPY packages/wealthspot-types ./packages/wealthspot-types
#7 CACHED

#8 [dev 2/7] WORKDIR /app
#8 CACHED

#9 [dev 3/7] COPY package.json package-lock.json* ./
#9 CACHED

#10 [dev 5/7] COPY apps/web ./apps/web
#10 CACHED

#11 [dev 6/7] RUN npm install --legacy-peer-deps
#11 21.68 npm warn deprecated glob@10.5.0: Old versions of glob are not supported, and contain widely publicized security vulnerabilities, which have been fixed in the current version. Please update. Support for old versions may be purchased (at exorbitant rates) by contacting i@izs.me
#11 43.60 
#11 43.60 added 420 packages, and audited 431 packages in 42s
#11 43.60 
#11 43.60 74 packages are looking for funding
#11 43.60   run `npm fund` for details
#11 43.62 
#11 43.62 7 vulnerabilities (5 moderate, 1 high, 1 critical)
#11 43.62 
#11 43.62 To address issues that do not require attention, run:
#11 43.62   npm audit fix
#11 43.62 
#11 43.62 To address all issues (including breaking changes), run:
#11 43.62   npm audit fix --force
#11 43.62 
#11 43.62 Run `npm audit` for details.
#11 43.62 npm notice
#11 43.62 npm notice New major version of npm available! 10.8.2 -> 11.12.1
#11 43.62 npm notice Changelog: https://github.com/npm/cli/releases/tag/v11.12.1
#11 43.62 npm notice To update run: npm install -g npm@11.12.1
#11 43.62 npm notice
#11 DONE 47.9s

#12 [dev 7/7] WORKDIR /app/apps/web
#12 DONE 0.7s

#13 exporting to image
#13 exporting layers
#13 exporting layers 20.7s done
#13 exporting manifest sha256:61e300ea33f7a4b57dc109d463cae90463998509c02c19308754bb57c98abecc 0.0s done
#13 exporting config sha256:ab4e019a40e82f3ca39af06a832ef09c1b1f7e62ec8ad1a564410cfafff854f4 0.0s done
#13 exporting attestation manifest sha256:27fd7ed9faae68989c485e53ae1b69c81e06a9a99b3fc3d96bd557ea5b2fd26c
#13 exporting attestation manifest sha256:27fd7ed9faae68989c485e53ae1b69c81e06a9a99b3fc3d96bd557ea5b2fd26c 0.1s done
#13 exporting manifest list sha256:a4c4fca8307f46db4fa97126da6e35ca984e4ec21dece947140b6390a5b5c964 0.0s done
#13 naming to docker.io/library/wealthspot-web:latest
#13 naming to docker.io/library/wealthspot-web:latest 0.0s done
#13 unpacking to docker.io/library/wealthspot-web:latest
#13 unpacking to docker.io/library/wealthspot-web:latest 14.4s done
#13 DONE 35.4s

#14 resolving provenance for metadata file
#14 DONE 0.1s
