 Image wealthspot-web Building 
#1 [internal] load local bake definitions
#1 reading from stdin 537B done
#1 DONE 0.0s

#2 [internal] load build definition from Dockerfile
#2 transferring dockerfile: 1.22kB 0.0s done
#2 DONE 0.0s

#3 [internal] load metadata for docker.io/library/node:20-alpine
#3 ...

#4 [auth] library/node:pull token for registry-1.docker.io
#4 DONE 0.0s

#3 [internal] load metadata for docker.io/library/node:20-alpine
#3 DONE 1.9s

#5 [internal] load .dockerignore
#5 transferring context: 2B done
#5 DONE 0.0s

#6 [dev 1/7] FROM docker.io/library/node:20-alpine@sha256:f598378b5240225e6beab68fa9f356db1fb8efe55173e6d4d8153113bb8f333c
#6 resolve docker.io/library/node:20-alpine@sha256:f598378b5240225e6beab68fa9f356db1fb8efe55173e6d4d8153113bb8f333c 0.0s done
#6 DONE 0.0s

#7 [internal] load build context
#7 transferring context: 74.96kB 5.1s
#7 transferring context: 74.96kB 5.1s done
#7 DONE 5.2s

#8 [dev 2/7] WORKDIR /app
#8 CACHED

#9 [dev 3/7] COPY package.json package-lock.json* ./
#9 CACHED

#10 [dev 4/7] COPY packages/wealthspot-types ./packages/wealthspot-types
#10 CACHED

#11 [dev 5/7] COPY apps/web ./apps/web
#11 DONE 0.2s

#12 [dev 6/7] RUN npm install --legacy-peer-deps
#12 12.37 npm warn deprecated glob@10.5.0: Old versions of glob are not supported, and contain widely publicized security vulnerabilities, which have been fixed in the current version. Please update. Support for old versions may be purchased (at exorbitant rates) by contacting i@izs.me
#12 21.46 
#12 21.46 added 382 packages, and audited 393 packages in 21s
#12 21.46 
#12 21.46 72 packages are looking for funding
#12 21.46   run `npm fund` for details
#12 21.48 
#12 21.48 6 vulnerabilities (5 moderate, 1 high)
#12 21.48 
#12 21.48 To address issues that do not require attention, run:
#12 21.48   npm audit fix
#12 21.48 
#12 21.48 To address all issues (including breaking changes), run:
#12 21.48   npm audit fix --force
#12 21.48 
#12 21.48 Run `npm audit` for details.
#12 21.48 npm notice
#12 21.48 npm notice New major version of npm available! 10.8.2 -> 11.12.1
#12 21.48 npm notice Changelog: https://github.com/npm/cli/releases/tag/v11.12.1
#12 21.48 npm notice To update run: npm install -g npm@11.12.1
#12 21.48 npm notice
#12 DONE 21.8s

#13 [dev 7/7] WORKDIR /app/apps/web
#13 DONE 0.1s

#14 exporting to image
#14 exporting layers
#14 exporting layers 9.9s done
#14 exporting manifest sha256:6b3dc71f0c568d0cd5548914011a882eeb360c0a79b44426910f0e2b0a3e5340 0.0s done
#14 exporting config sha256:abd4c4af2c55bbbdec0679e01f5dca9f2b489826bf7803a64ca4323b8ca24c4a done
#14 exporting attestation manifest sha256:464f5a219aa70633dc95b3e91346fe935a178783968f07e923a9851fb84221cf 0.0s done
#14 exporting manifest list sha256:90e40a457e33f96cf6a481ec5509517a71106805faf346ea1fc72140192c7b6a done
#14 naming to docker.io/library/wealthspot-web:latest done
#14 unpacking to docker.io/library/wealthspot-web:latest
#14 unpacking to docker.io/library/wealthspot-web:latest 4.1s done
#14 DONE 14.1s

#15 resolving provenance for metadata file
#15 DONE 0.0s
 Image wealthspot-web Built 
