 Image wealthspot-web Building 
#1 [internal] load local bake definitions
#1 reading from stdin 537B done
#1 DONE 0.0s

#2 [internal] load build definition from Dockerfile
#2 transferring dockerfile: 1.22kB done
#2 DONE 0.0s

#3 [internal] load metadata for docker.io/library/node:20-alpine
#3 ...

#4 [auth] library/node:pull token for registry-1.docker.io
#4 DONE 0.0s

#3 [internal] load metadata for docker.io/library/node:20-alpine
#3 DONE 2.1s

#5 [internal] load .dockerignore
#5 transferring context: 2B done
#5 DONE 0.0s

#6 [dev 1/7] FROM docker.io/library/node:20-alpine@sha256:f598378b5240225e6beab68fa9f356db1fb8efe55173e6d4d8153113bb8f333c
#6 resolve docker.io/library/node:20-alpine@sha256:f598378b5240225e6beab68fa9f356db1fb8efe55173e6d4d8153113bb8f333c 0.0s done
#6 DONE 0.0s

#7 [internal] load build context
#7 transferring context: 189.38kB 4.9s done
#7 DONE 4.9s

#8 [dev 2/7] WORKDIR /app
#8 CACHED

#9 [dev 3/7] COPY package.json package-lock.json* ./
#9 CACHED

#10 [dev 4/7] COPY packages/wealthspot-types ./packages/wealthspot-types
#10 CACHED

#11 [dev 5/7] COPY apps/web ./apps/web
#11 DONE 0.6s

#12 [dev 6/7] RUN npm install --legacy-peer-deps
#12 12.57 npm warn deprecated glob@10.5.0: Old versions of glob are not supported, and contain widely publicized security vulnerabilities, which have been fixed in the current version. Please update. Support for old versions may be purchased (at exorbitant rates) by contacting i@izs.me
#12 18.44 
#12 18.44 added 382 packages, and audited 393 packages in 18s
#12 18.44 
#12 18.44 72 packages are looking for funding
#12 18.44   run `npm fund` for details
#12 18.46 
#12 18.46 6 vulnerabilities (5 moderate, 1 high)
#12 18.46 
#12 18.46 To address issues that do not require attention, run:
#12 18.46   npm audit fix
#12 18.46 
#12 18.46 To address all issues (including breaking changes), run:
#12 18.46   npm audit fix --force
#12 18.46 
#12 18.46 Run `npm audit` for details.
#12 18.46 npm notice
#12 18.46 npm notice New major version of npm available! 10.8.2 -> 11.12.1
#12 18.46 npm notice Changelog: https://github.com/npm/cli/releases/tag/v11.12.1
#12 18.46 npm notice To update run: npm install -g npm@11.12.1
#12 18.46 npm notice
#12 DONE 19.0s

#13 [dev 7/7] WORKDIR /app/apps/web
#13 DONE 0.1s

#14 exporting to image
#14 exporting layers
#14 exporting layers 9.6s done
#14 exporting manifest sha256:112167354ad7abcff09a3026f147da1ce0eb8fb027d4cac973845dca272f613c 0.0s done
#14 exporting config sha256:f361fc10853b7b7116efc5e54c3cc194ac5baacfb5a6a9f02032cfdc453099c6 0.0s done
#14 exporting attestation manifest sha256:912d454a0f310888553ff677c5fcc1b1c2aecf22117d0f6acccc41258c5244c9 0.0s done
#14 exporting manifest list sha256:50f637c31393dc2296e272d91ab12b7cbd6d26ea708831bef1bdcf67dc7a1804 0.0s done
#14 naming to docker.io/library/wealthspot-web:latest done
#14 unpacking to docker.io/library/wealthspot-web:latest
#14 unpacking to docker.io/library/wealthspot-web:latest 3.3s done
#14 DONE 13.0s

#15 resolving provenance for metadata file
#15 DONE 0.0s
 Image wealthspot-web Built 
