 Image wealthspot-api Building 
#1 [internal] load local bake definitions
#1 reading from stdin 564B done
#1 DONE 0.0s

#2 [internal] load build definition from Dockerfile
#2 DONE 0.1s

#2 [internal] load build definition from Dockerfile
#2 transferring dockerfile:
#2 transferring dockerfile: 1.60kB 0.1s done
#2 DONE 0.6s

#3 [internal] load metadata for docker.io/library/python:3.12-slim
#3 DONE 1.4s

#4 [internal] load .dockerignore
#4 transferring context: 245B 0.0s done
#4 DONE 0.1s

#5 [internal] load build context
#5 DONE 0.0s

#6 [development 1/6] FROM docker.io/library/python:3.12-slim@sha256:3d5ed973e45820f5ba5e46bd065bd88b3a504ff0724d85980dcd05eab361fcf4
#6 resolve docker.io/library/python:3.12-slim@sha256:3d5ed973e45820f5ba5e46bd065bd88b3a504ff0724d85980dcd05eab361fcf4 0.1s done
#6 DONE 0.1s

#5 [internal] load build context
#5 transferring context: 305.74kB 0.4s done
#5 DONE 0.5s

#7 [development 2/6] WORKDIR /app
#7 CACHED

#8 [development 3/6] RUN apt-get update && apt-get install -y --no-install-recommends     build-essential     && rm -rf /var/lib/apt/lists/*
#8 CACHED

#9 [development 4/6] RUN pip install --no-cache-dir uv
#9 CACHED

#10 [development 5/6] COPY . .
#10 DONE 2.0s

#11 [development 6/6] RUN uv pip install --system --no-cache ".[dev]"
#11 8.140 Using Python 3.12.13 environment at: /usr/local
#11 11.23 Resolved 94 packages in 2.92s
#11 11.25    Building wealthspot-api @ file:///app
#11 11.36 Downloading pygments (1.2MiB)
#11 11.37 Downloading sqlalchemy (3.2MiB)
#11 11.43 Downloading uvloop (4.2MiB)
#11 11.44 Downloading faker (1.9MiB)
#11 11.44 Downloading pydantic-core (2.0MiB)
#11 11.44 Downloading asyncpg (3.4MiB)
#11 11.44 Downloading cryptography (4.3MiB)
#11 11.44 Downloading ruff (10.7MiB)
#11 11.44 Downloading mypy (14.0MiB)
#11 11.47 Downloading stripe (2.0MiB)
#11 11.47 Downloading botocore (14.1MiB)
#11 22.00  Downloaded pygments
#11 22.16  Downloaded pydantic-core
#11 23.87  Downloaded faker
#11 24.02  Downloaded stripe
#11 24.05  Downloaded sqlalchemy
#11 24.30       Built wealthspot-api @ file:///app
#11 24.55  Downloaded asyncpg
#11 25.94  Downloaded uvloop
#11 26.13  Downloaded cryptography
#11 32.05  Downloaded ruff
#11 33.66  Downloaded mypy
#11 33.69  Downloaded botocore
#11 33.69 Prepared 94 packages in 22.39s
#11 34.31 Installed 94 packages in 622ms
#11 34.31  + aiosqlite==0.22.1
#11 34.31  + alembic==1.18.4
#11 34.31  + amqp==5.3.1
#11 34.31  + annotated-doc==0.0.4
#11 34.31  + annotated-types==0.7.0
#11 34.31  + anyio==4.13.0
#11 34.31  + asyncpg==0.31.0
#11 34.31  + bcrypt==5.0.0
#11 34.31  + billiard==4.2.4
#11 34.31  + boto3==1.42.83
#11 34.31  + botocore==1.42.83
#11 34.31  + celery==5.6.3
#11 34.31  + certifi==2026.2.25
#11 34.31  + cffi==2.0.0
#11 34.31  + charset-normalizer==3.4.7
#11 34.31  + click==8.3.2
#11 34.31  + click-didyoumean==0.3.1
#11 34.31  + click-plugins==1.1.1.2
#11 34.31  + click-repl==0.3.0
#11 34.31  + coverage==7.13.5
#11 34.31  + cryptography==46.0.6
#11 34.31  + dnspython==2.8.0
#11 34.31  + ecdsa==0.19.2
#11 34.31  + email-validator==2.3.0
#11 34.31  + faker==40.12.0
#11 34.31  + fastapi==0.135.3
#11 34.31  + fastapi-cli==0.0.24
#11 34.31  + fastapi-cloud-cli==0.15.1
#11 34.31  + fastar==0.9.0
#11 34.31  + greenlet==3.3.2
#11 34.31  + h11==0.16.0
#11 34.31  + httpcore==1.0.9
#11 34.31  + httptools==0.7.1
#11 34.31  + httpx==0.28.1
#11 34.31  + idna==3.11
#11 34.31  + iniconfig==2.3.0
#11 34.31  + jinja2==3.1.6
#11 34.31  + jmespath==1.1.0
#11 34.31  + kombu==5.6.2
#11 34.31  + librt==0.8.1
#11 34.31  + mako==1.3.10
#11 34.31  + markdown-it-py==4.0.0
#11 34.31  + markupsafe==3.0.3
#11 34.31  + mdurl==0.1.2
#11 34.31  + mypy==1.20.0
#11 34.31  + mypy-extensions==1.1.0
#11 34.31  + packaging==26.0
#11 34.31  + passlib==1.7.4
#11 34.31  + pathspec==1.0.4
#11 34.31  + pluggy==1.6.0
#11 34.31  + prompt-toolkit==3.0.52
#11 34.31  + pyasn1==0.6.3
#11 34.31  + pycparser==3.0
#11 34.31  + pydantic==2.12.5
#11 34.31  + pydantic-core==2.41.5
#11 34.31  + pydantic-extra-types==2.11.1
#11 34.31  + pydantic-settings==2.13.1
#11 34.31  + pygments==2.20.0
#11 34.31  + pytest==9.0.2
#11 34.31  + pytest-asyncio==1.3.0
#11 34.31  + pytest-cov==7.1.0
#11 34.31  + python-dateutil==2.9.0.post0
#11 34.31  + python-dotenv==1.2.2
#11 34.31  + python-jose==3.5.0
#11 34.31  + python-multipart==0.0.22
#11 34.31  + pyyaml==6.0.3
#11 34.31  + razorpay==2.0.1
#11 34.31  + redis==7.4.0
#11 34.31  + requests==2.33.1
#11 34.31  + rich==14.3.3
#11 34.31  + rich-toolkit==0.19.7
#11 34.31  + rignore==0.7.6
#11 34.31  + rsa==4.9.1
#11 34.31  + ruff==0.15.9
#11 34.31  + s3transfer==0.16.0
#11 34.31  + sentry-sdk==2.57.0
#11 34.31  + shellingham==1.5.4
#11 34.31  + six==1.17.0
#11 34.31  + sqlalchemy==2.0.49
#11 34.31  + starlette==1.0.0
#11 34.31  + stripe==15.0.1
#11 34.31  + typer==0.24.1
#11 34.31  + typing-extensions==4.15.0
#11 34.31  + typing-inspection==0.4.2
#11 34.31  + tzdata==2026.1
#11 34.31  + tzlocal==5.3.1
#11 34.31  + urllib3==2.6.3
#11 34.31  + uvicorn==0.43.0
#11 34.31  + uvloop==0.22.1
#11 34.31  + vine==5.1.0
#11 34.31  + watchfiles==1.1.1
#11 34.31  + wcwidth==0.6.0
#11 34.31  + wealthspot-api==0.1.0 (from file:///app)
#11 34.31  + websockets==16.0
#11 DONE 35.8s

#12 exporting to image
#12 exporting layers
#12 exporting layers 13.2s done
#12 exporting manifest sha256:dc49f1cf6f595d9571414722a1dc60450fda9067175c3a2b4c7cf8b8f3c3456e 0.0s done
#12 exporting config sha256:f3902a2c892f964c28660c118d727a7f5000aeeca460423d44934ef15c604b69 0.0s done
#12 exporting attestation manifest sha256:c961dc54495aa151badbbe4e603ebd2f8ec7916f135597ff11c2bcbcb08a41af
#12 exporting attestation manifest sha256:c961dc54495aa151badbbe4e603ebd2f8ec7916f135597ff11c2bcbcb08a41af 0.0s done
#12 exporting manifest list sha256:8dab4d223875d53b0d30c062f7675456df0d1050a841e45d6d21beedbb72319b 0.0s done
#12 naming to docker.io/library/wealthspot-api:latest 0.0s done
#12 unpacking to docker.io/library/wealthspot-api:latest
#12 unpacking to docker.io/library/wealthspot-api:latest 4.0s done
#12 DONE 17.5s

#13 resolving provenance for metadata file
#13 DONE 0.3s
 Image wealthspot-api Built 
