 Image wealthspot-api Building 
#1 [internal] load local bake definitions
#1 reading from stdin 564B done
#1 DONE 0.0s

#2 [internal] load build definition from Dockerfile
#2 transferring dockerfile: 1.60kB 0.0s done
#2 DONE 0.0s

#3 [internal] load metadata for docker.io/library/python:3.12-slim
#3 DONE 0.1s

#4 [internal] load .dockerignore
#4 transferring context: 245B done
#4 DONE 0.0s

#5 [development 1/6] FROM docker.io/library/python:3.12-slim@sha256:3d5ed973e45820f5ba5e46bd065bd88b3a504ff0724d85980dcd05eab361fcf4
#5 resolve docker.io/library/python:3.12-slim@sha256:3d5ed973e45820f5ba5e46bd065bd88b3a504ff0724d85980dcd05eab361fcf4 0.0s done
#5 DONE 0.0s

#6 [internal] load build context
#6 transferring context: 73.30kB 0.0s done
#6 DONE 0.0s

#7 [development 2/6] WORKDIR /app
#7 CACHED

#8 [development 3/6] RUN apt-get update && apt-get install -y --no-install-recommends     build-essential     && rm -rf /var/lib/apt/lists/*
#8 CACHED

#9 [development 4/6] RUN pip install --no-cache-dir uv
#9 CACHED

#10 [development 5/6] COPY . .
#10 DONE 0.1s

#11 [development 6/6] RUN uv pip install --system --no-cache ".[dev]"
#11 0.789 Using Python 3.12.13 environment at: /usr/local
#11 102.5 Resolved 94 packages in 1m 41s
#11 102.5    Building wealthspot-api @ file:///app
#11 102.7 Downloading botocore (14.1MiB)
#11 102.7 Downloading pydantic-core (2.0MiB)
#11 102.7 Downloading sqlalchemy (3.2MiB)
#11 102.7 Downloading faker (1.9MiB)
#11 102.7 Downloading asyncpg (3.4MiB)
#11 102.7 Downloading uvloop (4.2MiB)
#11 102.7 Downloading stripe (2.0MiB)
#11 102.7 Downloading ruff (10.7MiB)
#11 102.7 Downloading pygments (1.2MiB)
#11 102.7 Downloading mypy (13.0MiB)
#11 102.7 Downloading cryptography (4.3MiB)
#11 108.2       Built wealthspot-api @ file:///app
#11 110.2  Downloaded pygments
#11 112.2  Downloaded faker
#11 112.4  Downloaded pydantic-core
#11 112.5  Downloaded stripe
#11 115.1  Downloaded sqlalchemy
#11 115.6  Downloaded asyncpg
#11 116.8  Downloaded uvloop
#11 117.2  Downloaded cryptography
#11 122.1  Downloaded ruff
#11 123.9  Downloaded mypy
#11 124.1  Downloaded botocore
#11 124.1 Prepared 94 packages in 21.59s
#11 124.5 Installed 94 packages in 333ms
#11 124.5  + aiosqlite==0.22.1
#11 124.5  + alembic==1.18.4
#11 124.5  + amqp==5.3.1
#11 124.5  + annotated-doc==0.0.4
#11 124.5  + annotated-types==0.7.0
#11 124.5  + anyio==4.13.0
#11 124.5  + asyncpg==0.31.0
#11 124.5  + bcrypt==5.0.0
#11 124.5  + billiard==4.2.4
#11 124.5  + boto3==1.42.79
#11 124.5  + botocore==1.42.79
#11 124.5  + celery==5.6.3
#11 124.5  + certifi==2026.2.25
#11 124.5  + cffi==2.0.0
#11 124.5  + charset-normalizer==3.4.6
#11 124.5  + click==8.3.1
#11 124.5  + click-didyoumean==0.3.1
#11 124.5  + click-plugins==1.1.1.2
#11 124.5  + click-repl==0.3.0
#11 124.5  + coverage==7.13.5
#11 124.5  + cryptography==46.0.6
#11 124.5  + dnspython==2.8.0
#11 124.5  + ecdsa==0.19.2
#11 124.5  + email-validator==2.3.0
#11 124.5  + faker==40.12.0
#11 124.5  + fastapi==0.135.2
#11 124.5  + fastapi-cli==0.0.24
#11 124.5  + fastapi-cloud-cli==0.15.1
#11 124.5  + fastar==0.9.0
#11 124.5  + greenlet==3.3.2
#11 124.5  + h11==0.16.0
#11 124.5  + httpcore==1.0.9
#11 124.5  + httptools==0.7.1
#11 124.5  + httpx==0.28.1
#11 124.5  + idna==3.11
#11 124.5  + iniconfig==2.3.0
#11 124.5  + jinja2==3.1.6
#11 124.5  + jmespath==1.1.0
#11 124.5  + kombu==5.6.2
#11 124.5  + librt==0.8.1
#11 124.5  + mako==1.3.10
#11 124.5  + markdown-it-py==4.0.0
#11 124.5  + markupsafe==3.0.3
#11 124.5  + mdurl==0.1.2
#11 124.5  + mypy==1.19.1
#11 124.5  + mypy-extensions==1.1.0
#11 124.5  + packaging==26.0
#11 124.5  + passlib==1.7.4
#11 124.5  + pathspec==1.0.4
#11 124.5  + pluggy==1.6.0
#11 124.5  + prompt-toolkit==3.0.52
#11 124.5  + pyasn1==0.6.3
#11 124.5  + pycparser==3.0
#11 124.5  + pydantic==2.12.5
#11 124.5  + pydantic-core==2.41.5
#11 124.5  + pydantic-extra-types==2.11.1
#11 124.5  + pydantic-settings==2.13.1
#11 124.5  + pygments==2.20.0
#11 124.5  + pytest==9.0.2
#11 124.5  + pytest-asyncio==1.3.0
#11 124.5  + pytest-cov==7.1.0
#11 124.5  + python-dateutil==2.9.0.post0
#11 124.5  + python-dotenv==1.2.2
#11 124.5  + python-jose==3.5.0
#11 124.5  + python-multipart==0.0.22
#11 124.5  + pyyaml==6.0.3
#11 124.5  + razorpay==2.0.1
#11 124.5  + redis==7.4.0
#11 124.5  + requests==2.33.1
#11 124.5  + rich==14.3.3
#11 124.5  + rich-toolkit==0.19.7
#11 124.5  + rignore==0.7.6
#11 124.5  + rsa==4.9.1
#11 124.5  + ruff==0.15.8
#11 124.5  + s3transfer==0.16.0
#11 124.5  + sentry-sdk==2.57.0
#11 124.5  + shellingham==1.5.4
#11 124.5  + six==1.17.0
#11 124.5  + sqlalchemy==2.0.48
#11 124.5  + starlette==1.0.0
#11 124.5  + stripe==15.0.0
#11 124.5  + typer==0.24.1
#11 124.5  + typing-extensions==4.15.0
#11 124.5  + typing-inspection==0.4.2
#11 124.5  + tzdata==2025.3
#11 124.5  + tzlocal==5.3.1
#11 124.5  + urllib3==2.6.3
#11 124.5  + uvicorn==0.42.0
#11 124.5  + uvloop==0.22.1
#11 124.5  + vine==5.1.0
#11 124.5  + watchfiles==1.1.1
#11 124.5  + wcwidth==0.6.0
#11 124.5  + wealthspot-api==0.1.0 (from file:///app)
#11 124.5  + websockets==16.0
#11 DONE 125.0s

#12 exporting to image
#12 exporting layers
#12 exporting layers 8.5s done
#12 exporting manifest sha256:1eb5fb9bb3861c258cf32a694856607d43028ed20c95fa14d4b45fc97f15c7a2 done
#12 exporting config sha256:6d17c6997088aed73f2af57a09f145934980bed9be44a9bd680ba9960e23eed6 done
#12 exporting attestation manifest sha256:4d2972558b277437f52512245a0d75021d39299f5a93cd0fe656688b4b021709 0.0s done
#12 exporting manifest list sha256:e7c6aa3794a814702e856810a027e0edc3c3abd3e9697f4b5c2b6129a0740cdb done
#12 naming to docker.io/library/wealthspot-api:latest done
#12 unpacking to docker.io/library/wealthspot-api:latest
#12 unpacking to docker.io/library/wealthspot-api:latest 2.3s done
#12 DONE 11.0s

#13 resolving provenance for metadata file
#13 DONE 0.0s
 Image wealthspot-api Built 
