 Image wealthspot-api Building 
 Image wealthspot-celery-worker Building 
 Image wealthspot-web Building 
#1 [internal] load local bake definitions
#1 reading from stdin 1.60kB done
#1 DONE 0.0s

#2 [api internal] load build definition from Dockerfile
#2 DONE 0.0s

#3 [web internal] load build definition from Dockerfile
#3 transferring dockerfile:
#3 transferring dockerfile: 1.22kB 0.2s done
#3 DONE 0.5s

#2 [celery-worker internal] load build definition from Dockerfile
#2 transferring dockerfile: 1.60kB 0.1s done
#2 DONE 0.4s

#4 [api internal] load metadata for docker.io/library/python:3.12-slim
#4 DONE 1.0s

#5 [celery-worker internal] load .dockerignore
#5 transferring context: 245B 0.0s done
#5 DONE 0.1s

#6 [web internal] load metadata for docker.io/library/node:20-alpine
#6 ...

#7 [celery-worker development 1/6] FROM docker.io/library/python:3.12-slim@sha256:3d5ed973e45820f5ba5e46bd065bd88b3a504ff0724d85980dcd05eab361fcf4
#7 resolve docker.io/library/python:3.12-slim@sha256:3d5ed973e45820f5ba5e46bd065bd88b3a504ff0724d85980dcd05eab361fcf4 0.0s done
#7 DONE 0.1s

#8 [api development 2/6] WORKDIR /app
#8 CACHED

#9 [api internal] load build context
#9 transferring context: 12.61kB 0.3s done
#9 DONE 0.4s

#10 [api development 3/6] RUN apt-get update && apt-get install -y --no-install-recommends     build-essential     && rm -rf /var/lib/apt/lists/*
#10 ...

#11 [auth] library/node:pull token for registry-1.docker.io
#11 DONE 0.0s

#6 [web internal] load metadata for docker.io/library/node:20-alpine
#6 DONE 3.5s

#10 [api development 3/6] RUN apt-get update && apt-get install -y --no-install-recommends     build-essential     && rm -rf /var/lib/apt/lists/*
#10 ...

#12 [web internal] load .dockerignore
#12 transferring context: 2B 0.0s done
#12 DONE 0.0s

#13 [web internal] load build context
#13 DONE 0.0s

#14 [web dev 1/7] FROM docker.io/library/node:20-alpine@sha256:f598378b5240225e6beab68fa9f356db1fb8efe55173e6d4d8153113bb8f333c
#14 resolve docker.io/library/node:20-alpine@sha256:f598378b5240225e6beab68fa9f356db1fb8efe55173e6d4d8153113bb8f333c 0.0s done
#14 DONE 0.0s

#15 [web dev 2/7] WORKDIR /app
#15 CACHED

#13 [web internal] load build context
#13 ...

#10 [api development 3/6] RUN apt-get update && apt-get install -y --no-install-recommends     build-essential     && rm -rf /var/lib/apt/lists/*
#10 12.14 Hit:1 http://deb.debian.org/debian trixie InRelease
#10 12.23 Get:2 http://deb.debian.org/debian trixie-updates InRelease [47.3 kB]
#10 12.63 Get:3 http://deb.debian.org/debian-security trixie-security InRelease [43.4 kB]
#10 13.10 Get:4 http://deb.debian.org/debian trixie/main amd64 Packages [9671 kB]
#10 16.05 Get:5 http://deb.debian.org/debian trixie-updates/main amd64 Packages [5412 B]
#10 16.08 Get:6 http://deb.debian.org/debian-security trixie-security/main amd64 Packages [114 kB]
#10 20.59 Fetched 9881 kB in 10s (1033 kB/s)
#10 20.59 Reading package lists...
#10 24.13 Reading package lists...
#10 ...

#13 [web internal] load build context
#13 transferring context: 13.62kB 12.5s
#13 ...

#10 [api development 3/6] RUN apt-get update && apt-get install -y --no-install-recommends     build-essential     && rm -rf /var/lib/apt/lists/*
#10 24.13 Reading package lists...
#10 26.48 Building dependency tree...
#10 26.68 Reading state information...
#10 27.09 The following additional packages will be installed:
#10 27.09   binutils binutils-common binutils-x86-64-linux-gnu bzip2 cpp cpp-14
#10 27.09   cpp-14-x86-64-linux-gnu cpp-x86-64-linux-gnu dpkg-dev g++ g++-14
#10 27.09   g++-14-x86-64-linux-gnu g++-x86-64-linux-gnu gcc gcc-14
#10 27.09   gcc-14-x86-64-linux-gnu gcc-x86-64-linux-gnu libasan8 libatomic1 libbinutils
#10 27.09   libc-dev-bin libc6-dev libcc1-0 libcrypt-dev libctf-nobfd0 libctf0
#10 27.09   libdpkg-perl libgcc-14-dev libgdbm-compat4t64 libgomp1 libgprofng0
#10 27.09   libhwasan0 libisl23 libitm1 libjansson4 liblsan0 libmpc3 libmpfr6
#10 27.10   libperl5.40 libquadmath0 libsframe1 libstdc++-14-dev libtsan2 libubsan1
#10 27.10   linux-libc-dev make patch perl perl-modules-5.40 rpcsvc-proto xz-utils
#10 27.11 Suggested packages:
#10 27.11   binutils-doc gprofng-gui binutils-gold bzip2-doc cpp-doc gcc-14-locales
#10 27.11   cpp-14-doc debian-keyring debian-tag2upload-keyring g++-multilib
#10 27.11   g++-14-multilib gcc-14-doc gcc-multilib manpages-dev autoconf automake
#10 27.11   libtool flex bison gdb gcc-doc gcc-14-multilib gdb-x86-64-linux-gnu
#10 27.11   libc-devtools glibc-doc sq | sqop | rsop | gosop | pgpainless-cli | gpg-sq
#10 27.11   | gnupg sensible-utils git bzr libstdc++-14-doc make-doc ed diffutils-doc
#10 27.11   perl-doc libterm-readline-gnu-perl | libterm-readline-perl-perl
#10 27.11   libtap-harness-archive-perl
#10 27.11 Recommended packages:
#10 27.11   fakeroot sq | sqop | rsop | gosop | pgpainless-cli | gpg-sq | gnupg
#10 27.11   libalgorithm-merge-perl manpages manpages-dev libfile-fcntllock-perl
#10 27.11   liblocale-gettext-perl
#10 27.40 The following NEW packages will be installed:
#10 27.40   binutils binutils-common binutils-x86-64-linux-gnu build-essential bzip2 cpp
#10 27.40   cpp-14 cpp-14-x86-64-linux-gnu cpp-x86-64-linux-gnu dpkg-dev g++ g++-14
#10 27.40   g++-14-x86-64-linux-gnu g++-x86-64-linux-gnu gcc gcc-14
#10 27.40   gcc-14-x86-64-linux-gnu gcc-x86-64-linux-gnu libasan8 libatomic1 libbinutils
#10 27.40   libc-dev-bin libc6-dev libcc1-0 libcrypt-dev libctf-nobfd0 libctf0
#10 27.40   libdpkg-perl libgcc-14-dev libgdbm-compat4t64 libgomp1 libgprofng0
#10 27.40   libhwasan0 libisl23 libitm1 libjansson4 liblsan0 libmpc3 libmpfr6
#10 27.40   libperl5.40 libquadmath0 libsframe1 libstdc++-14-dev libtsan2 libubsan1
#10 27.40   linux-libc-dev make patch perl perl-modules-5.40 rpcsvc-proto xz-utils
#10 27.75 0 upgraded, 52 newly installed, 0 to remove and 0 not upgraded.
#10 27.75 Need to get 82.4 MB of archives.
#10 27.75 After this operation, 336 MB of additional disk space will be used.
#10 27.75 Get:1 http://deb.debian.org/debian trixie/main amd64 bzip2 amd64 1.0.8-6 [40.5 kB]
#10 28.23 Get:2 http://deb.debian.org/debian trixie/main amd64 perl-modules-5.40 all 5.40.1-6 [3019 kB]
#10 34.74 Get:3 http://deb.debian.org/debian trixie/main amd64 libgdbm-compat4t64 amd64 1.24-2 [50.3 kB]
#10 34.75 Get:4 http://deb.debian.org/debian trixie/main amd64 libperl5.40 amd64 5.40.1-6 [4341 kB]
#10 35.06 Get:5 http://deb.debian.org/debian trixie/main amd64 perl amd64 5.40.1-6 [267 kB]
#10 35.12 Get:6 http://deb.debian.org/debian trixie/main amd64 xz-utils amd64 5.8.1-1 [660 kB]
#10 35.22 Get:7 http://deb.debian.org/debian trixie/main amd64 libsframe1 amd64 2.44-3 [78.4 kB]
#10 35.23 Get:8 http://deb.debian.org/debian trixie/main amd64 binutils-common amd64 2.44-3 [2509 kB]
#10 35.66 Get:9 http://deb.debian.org/debian trixie/main amd64 libbinutils amd64 2.44-3 [534 kB]
#10 35.84 Get:10 http://deb.debian.org/debian trixie/main amd64 libgprofng0 amd64 2.44-3 [808 kB]
#10 35.99 Get:11 http://deb.debian.org/debian trixie/main amd64 libctf-nobfd0 amd64 2.44-3 [156 kB]
#10 35.99 Get:12 http://deb.debian.org/debian trixie/main amd64 libctf0 amd64 2.44-3 [88.6 kB]
#10 35.99 Get:13 http://deb.debian.org/debian trixie/main amd64 libjansson4 amd64 2.14-2+b3 [39.8 kB]
#10 36.00 Get:14 http://deb.debian.org/debian trixie/main amd64 binutils-x86-64-linux-gnu amd64 2.44-3 [1014 kB]
#10 36.02 Get:15 http://deb.debian.org/debian trixie/main amd64 binutils amd64 2.44-3 [265 kB]
#10 36.11 Get:16 http://deb.debian.org/debian trixie/main amd64 libc-dev-bin amd64 2.41-12+deb13u2 [59.4 kB]
#10 36.11 Get:17 http://deb.debian.org/debian-security trixie-security/main amd64 linux-libc-dev all 6.12.74-2 [2746 kB]
#10 38.05 Get:18 http://deb.debian.org/debian trixie/main amd64 libcrypt-dev amd64 1:4.4.38-1 [119 kB]
#10 39.10 Get:19 http://deb.debian.org/debian trixie/main amd64 rpcsvc-proto amd64 1.4.3-1 [63.3 kB]
#10 39.10 Get:20 http://deb.debian.org/debian trixie/main amd64 libc6-dev amd64 2.41-12+deb13u2 [1996 kB]
#10 39.37 Get:21 http://deb.debian.org/debian trixie/main amd64 libisl23 amd64 0.27-1 [659 kB]
#10 39.53 Get:22 http://deb.debian.org/debian trixie/main amd64 libmpfr6 amd64 4.2.2-1 [729 kB]
#10 39.65 Get:23 http://deb.debian.org/debian trixie/main amd64 libmpc3 amd64 1.3.1-1+b3 [52.2 kB]
#10 39.65 Get:24 http://deb.debian.org/debian trixie/main amd64 cpp-14-x86-64-linux-gnu amd64 14.2.0-19 [11.0 MB]
#10 41.42 Get:25 http://deb.debian.org/debian trixie/main amd64 cpp-14 amd64 14.2.0-19 [1280 B]
#10 41.89 Get:26 http://deb.debian.org/debian trixie/main amd64 cpp-x86-64-linux-gnu amd64 4:14.2.0-1 [4840 B]
#10 41.89 Get:27 http://deb.debian.org/debian trixie/main amd64 cpp amd64 4:14.2.0-1 [1568 B]
#10 41.90 Get:28 http://deb.debian.org/debian trixie/main amd64 libcc1-0 amd64 14.2.0-19 [42.8 kB]
#10 41.90 Get:29 http://deb.debian.org/debian trixie/main amd64 libgomp1 amd64 14.2.0-19 [137 kB]
#10 41.92 Get:30 http://deb.debian.org/debian trixie/main amd64 libitm1 amd64 14.2.0-19 [26.0 kB]
#10 41.92 Get:31 http://deb.debian.org/debian trixie/main amd64 libatomic1 amd64 14.2.0-19 [9308 B]
#10 41.93 Get:32 http://deb.debian.org/debian trixie/main amd64 libasan8 amd64 14.2.0-19 [2725 kB]
#10 42.05 Get:33 http://deb.debian.org/debian trixie/main amd64 liblsan0 amd64 14.2.0-19 [1204 kB]
#10 42.11 Get:34 http://deb.debian.org/debian trixie/main amd64 libtsan2 amd64 14.2.0-19 [2460 kB]
#10 42.64 Get:35 http://deb.debian.org/debian trixie/main amd64 libubsan1 amd64 14.2.0-19 [1074 kB]
#10 42.77 Get:36 http://deb.debian.org/debian trixie/main amd64 libhwasan0 amd64 14.2.0-19 [1488 kB]
#10 43.09 Get:37 http://deb.debian.org/debian trixie/main amd64 libquadmath0 amd64 14.2.0-19 [145 kB]
#10 43.16 Get:38 http://deb.debian.org/debian trixie/main amd64 libgcc-14-dev amd64 14.2.0-19 [2672 kB]
#10 43.87 Get:39 http://deb.debian.org/debian trixie/main amd64 gcc-14-x86-64-linux-gnu amd64 14.2.0-19 [21.4 MB]
#10 51.17 Get:40 http://deb.debian.org/debian trixie/main amd64 gcc-14 amd64 14.2.0-19 [540 kB]
#10 52.70 Get:41 http://deb.debian.org/debian trixie/main amd64 gcc-x86-64-linux-gnu amd64 4:14.2.0-1 [1436 B]
#10 52.71 Get:42 http://deb.debian.org/debian trixie/main amd64 gcc amd64 4:14.2.0-1 [5136 B]
#10 52.71 Get:43 http://deb.debian.org/debian trixie/main amd64 libstdc++-14-dev amd64 14.2.0-19 [2376 kB]
#10 52.82 Get:44 http://deb.debian.org/debian trixie/main amd64 g++-14-x86-64-linux-gnu amd64 14.2.0-19 [12.1 MB]
#10 54.71 Get:45 http://deb.debian.org/debian trixie/main amd64 g++-14 amd64 14.2.0-19 [22.5 kB]
#10 55.27 Get:46 http://deb.debian.org/debian trixie/main amd64 g++-x86-64-linux-gnu amd64 4:14.2.0-1 [1200 B]
#10 55.27 Get:47 http://deb.debian.org/debian trixie/main amd64 g++ amd64 4:14.2.0-1 [1344 B]
#10 55.27 Get:48 http://deb.debian.org/debian trixie/main amd64 make amd64 4.4.1-2 [463 kB]
#10 55.29 Get:49 http://deb.debian.org/debian trixie/main amd64 libdpkg-perl all 1.22.22 [651 kB]
#10 55.39 Get:50 http://deb.debian.org/debian trixie/main amd64 patch amd64 2.8-2 [134 kB]
#10 55.40 Get:51 http://deb.debian.org/debian trixie/main amd64 dpkg-dev all 1.22.22 [1337 kB]
#10 55.84 Get:52 http://deb.debian.org/debian trixie/main amd64 build-essential amd64 12.12 [4624 B]
#10 ...

#13 [web internal] load build context
#13 transferring context: 24.24kB 62.5s
#13 transferring context: 50.23kB 69.2s
#13 transferring context: 50.24kB 69.2s done
#13 DONE 69.4s

#10 [api development 3/6] RUN apt-get update && apt-get install -y --no-install-recommends     build-essential     && rm -rf /var/lib/apt/lists/*
#10 ...

#16 [web dev 3/7] COPY package.json package-lock.json* ./
#16 DONE 0.8s

#10 [api development 3/6] RUN apt-get update && apt-get install -y --no-install-recommends     build-essential     && rm -rf /var/lib/apt/lists/*
#10 ...

#17 [web dev 4/7] COPY packages/wealthspot-types ./packages/wealthspot-types
#17 DONE 2.2s

#10 [api development 3/6] RUN apt-get update && apt-get install -y --no-install-recommends     build-essential     && rm -rf /var/lib/apt/lists/*
#10 ...

#18 [web dev 5/7] COPY apps/web ./apps/web
#18 DONE 4.3s

#10 [api development 3/6] RUN apt-get update && apt-get install -y --no-install-recommends     build-essential     && rm -rf /var/lib/apt/lists/*
#10 ...

#19 [web dev 6/7] RUN npm install --legacy-peer-deps
#19 ...

#10 [api development 3/6] RUN apt-get update && apt-get install -y --no-install-recommends     build-essential     && rm -rf /var/lib/apt/lists/*
#10 85.87 Ign:52 http://deb.debian.org/debian trixie/main amd64 build-essential amd64 12.12
#10 87.36 Get:52 http://deb.debian.org/debian trixie/main amd64 build-essential amd64 12.12 [4624 B]
#10 89.07 debconf: unable to initialize frontend: Dialog
#10 89.07 debconf: (TERM is not set, so the dialog frontend is not usable.)
#10 89.07 debconf: falling back to frontend: Readline
#10 89.09 debconf: unable to initialize frontend: Readline
#10 89.09 debconf: (Can't locate Term/ReadLine.pm in @INC (you may need to install the Term::ReadLine module) (@INC entries checked: /etc/perl /usr/local/lib/x86_64-linux-gnu/perl/5.40.1 /usr/local/share/perl/5.40.1 /usr/lib/x86_64-linux-gnu/perl5/5.40 /usr/share/perl5 /usr/lib/x86_64-linux-gnu/perl-base /usr/lib/x86_64-linux-gnu/perl/5.40 /usr/share/perl/5.40 /usr/local/lib/site_perl) at /usr/share/perl5/Debconf/FrontEnd/Readline.pm line 8, <STDIN> line 52.)
#10 89.09 debconf: falling back to frontend: Teletype
#10 89.09 debconf: unable to initialize frontend: Teletype
#10 89.09 debconf: (This frontend requires a controlling tty.)
#10 89.09 debconf: falling back to frontend: Noninteractive
#10 93.30 Fetched 82.4 MB in 60s (1377 kB/s)
#10 93.89 Selecting previously unselected package bzip2.
#10 93.89 (Reading database ... 
(Reading database ... 5%
(Reading database ... 10%
(Reading database ... 15%
(Reading database ... 20%
(Reading database ... 25%
(Reading database ... 30%
(Reading database ... 35%
(Reading database ... 40%
(Reading database ... 45%
(Reading database ... 50%
(Reading database ... 55%
(Reading database ... 60%
(Reading database ... 65%
(Reading database ... 70%
(Reading database ... 75%
(Reading database ... 80%
(Reading database ... 85%
(Reading database ... 90%
(Reading database ... 95%
(Reading database ... 100%
(Reading database ... 5645 files and directories currently installed.)
#10 94.21 Preparing to unpack .../00-bzip2_1.0.8-6_amd64.deb ...
#10 94.28 Unpacking bzip2 (1.0.8-6) ...
#10 94.95 Selecting previously unselected package perl-modules-5.40.
#10 94.95 Preparing to unpack .../01-perl-modules-5.40_5.40.1-6_all.deb ...
#10 94.98 Unpacking perl-modules-5.40 (5.40.1-6) ...
#10 115.0 Selecting previously unselected package libgdbm-compat4t64:amd64.
#10 115.0 Preparing to unpack .../02-libgdbm-compat4t64_1.24-2_amd64.deb ...
#10 115.1 Unpacking libgdbm-compat4t64:amd64 (1.24-2) ...
#10 115.5 Selecting previously unselected package libperl5.40:amd64.
#10 115.5 Preparing to unpack .../03-libperl5.40_5.40.1-6_amd64.deb ...
#10 115.5 Unpacking libperl5.40:amd64 (5.40.1-6) ...
#10 121.5 Selecting previously unselected package perl.
#10 121.5 Preparing to unpack .../04-perl_5.40.1-6_amd64.deb ...
#10 121.6 Unpacking perl (5.40.1-6) ...
#10 122.2 Selecting previously unselected package xz-utils.
#10 122.2 Preparing to unpack .../05-xz-utils_5.8.1-1_amd64.deb ...
#10 122.2 Unpacking xz-utils (5.8.1-1) ...
#10 122.6 Selecting previously unselected package libsframe1:amd64.
#10 122.6 Preparing to unpack .../06-libsframe1_2.44-3_amd64.deb ...
#10 122.6 Unpacking libsframe1:amd64 (2.44-3) ...
#10 122.8 Selecting previously unselected package binutils-common:amd64.
#10 122.8 Preparing to unpack .../07-binutils-common_2.44-3_amd64.deb ...
#10 122.8 Unpacking binutils-common:amd64 (2.44-3) ...
#10 123.1 Selecting previously unselected package libbinutils:amd64.
#10 123.1 Preparing to unpack .../08-libbinutils_2.44-3_amd64.deb ...
#10 123.2 Unpacking libbinutils:amd64 (2.44-3) ...
#10 123.5 Selecting previously unselected package libgprofng0:amd64.
#10 123.5 Preparing to unpack .../09-libgprofng0_2.44-3_amd64.deb ...
#10 123.5 Unpacking libgprofng0:amd64 (2.44-3) ...
#10 123.8 Selecting previously unselected package libctf-nobfd0:amd64.
#10 123.8 Preparing to unpack .../10-libctf-nobfd0_2.44-3_amd64.deb ...
#10 123.9 Unpacking libctf-nobfd0:amd64 (2.44-3) ...
#10 124.1 Selecting previously unselected package libctf0:amd64.
#10 124.1 Preparing to unpack .../11-libctf0_2.44-3_amd64.deb ...
#10 124.1 Unpacking libctf0:amd64 (2.44-3) ...
#10 ...

#19 [web dev 6/7] RUN npm install --legacy-peer-deps
#19 45.03 npm warn deprecated glob@10.5.0: Old versions of glob are not supported, and contain widely publicized security vulnerabilities, which have been fixed in the current version. Please update. Support for old versions may be purchased (at exorbitant rates) by contacting i@izs.me
#19 ...

#10 [api development 3/6] RUN apt-get update && apt-get install -y --no-install-recommends     build-essential     && rm -rf /var/lib/apt/lists/*
#10 124.4 Selecting previously unselected package libjansson4:amd64.
#10 124.4 Preparing to unpack .../12-libjansson4_2.14-2+b3_amd64.deb ...
#10 124.5 Unpacking libjansson4:amd64 (2.14-2+b3) ...
#10 124.7 Selecting previously unselected package binutils-x86-64-linux-gnu.
#10 124.7 Preparing to unpack .../13-binutils-x86-64-linux-gnu_2.44-3_amd64.deb ...
#10 124.7 Unpacking binutils-x86-64-linux-gnu (2.44-3) ...
#10 126.5 Selecting previously unselected package binutils.
#10 126.5 Preparing to unpack .../14-binutils_2.44-3_amd64.deb ...
#10 126.5 Unpacking binutils (2.44-3) ...
#10 127.0 Selecting previously unselected package libc-dev-bin.
#10 127.0 Preparing to unpack .../15-libc-dev-bin_2.41-12+deb13u2_amd64.deb ...
#10 127.0 Unpacking libc-dev-bin (2.41-12+deb13u2) ...
#10 127.2 Selecting previously unselected package linux-libc-dev.
#10 127.2 Preparing to unpack .../16-linux-libc-dev_6.12.74-2_all.deb ...
#10 127.2 Unpacking linux-libc-dev (6.12.74-2) ...
#10 144.5 Selecting previously unselected package libcrypt-dev:amd64.
#10 144.5 Preparing to unpack .../17-libcrypt-dev_1%3a4.4.38-1_amd64.deb ...
#10 144.6 Unpacking libcrypt-dev:amd64 (1:4.4.38-1) ...
#10 144.7 Selecting previously unselected package rpcsvc-proto.
#10 144.7 Preparing to unpack .../18-rpcsvc-proto_1.4.3-1_amd64.deb ...
#10 144.8 Unpacking rpcsvc-proto (1.4.3-1) ...
#10 145.1 Selecting previously unselected package libc6-dev:amd64.
#10 145.1 Preparing to unpack .../19-libc6-dev_2.41-12+deb13u2_amd64.deb ...
#10 145.1 Unpacking libc6-dev:amd64 (2.41-12+deb13u2) ...
#10 148.5 Selecting previously unselected package libisl23:amd64.
#10 148.5 Preparing to unpack .../20-libisl23_0.27-1_amd64.deb ...
#10 148.5 Unpacking libisl23:amd64 (0.27-1) ...
#10 148.7 Selecting previously unselected package libmpfr6:amd64.
#10 148.7 Preparing to unpack .../21-libmpfr6_4.2.2-1_amd64.deb ...
#10 148.8 Unpacking libmpfr6:amd64 (4.2.2-1) ...
#10 149.1 Selecting previously unselected package libmpc3:amd64.
#10 149.1 Preparing to unpack .../22-libmpc3_1.3.1-1+b3_amd64.deb ...
#10 149.1 Unpacking libmpc3:amd64 (1.3.1-1+b3) ...
#10 149.3 Selecting previously unselected package cpp-14-x86-64-linux-gnu.
#10 149.3 Preparing to unpack .../23-cpp-14-x86-64-linux-gnu_14.2.0-19_amd64.deb ...
#10 149.3 Unpacking cpp-14-x86-64-linux-gnu (14.2.0-19) ...
#10 151.4 Selecting previously unselected package cpp-14.
#10 151.4 Preparing to unpack .../24-cpp-14_14.2.0-19_amd64.deb ...
#10 151.4 Unpacking cpp-14 (14.2.0-19) ...
#10 151.5 Selecting previously unselected package cpp-x86-64-linux-gnu.
#10 151.5 Preparing to unpack .../25-cpp-x86-64-linux-gnu_4%3a14.2.0-1_amd64.deb ...
#10 151.5 Unpacking cpp-x86-64-linux-gnu (4:14.2.0-1) ...
#10 151.6 Selecting previously unselected package cpp.
#10 151.6 Preparing to unpack .../26-cpp_4%3a14.2.0-1_amd64.deb ...
#10 151.7 Unpacking cpp (4:14.2.0-1) ...
#10 151.8 Selecting previously unselected package libcc1-0:amd64.
#10 151.8 Preparing to unpack .../27-libcc1-0_14.2.0-19_amd64.deb ...
#10 151.8 Unpacking libcc1-0:amd64 (14.2.0-19) ...
#10 151.9 Selecting previously unselected package libgomp1:amd64.
#10 151.9 Preparing to unpack .../28-libgomp1_14.2.0-19_amd64.deb ...
#10 151.9 Unpacking libgomp1:amd64 (14.2.0-19) ...
#10 152.0 Selecting previously unselected package libitm1:amd64.
#10 152.0 Preparing to unpack .../29-libitm1_14.2.0-19_amd64.deb ...
#10 152.1 Unpacking libitm1:amd64 (14.2.0-19) ...
#10 152.1 Selecting previously unselected package libatomic1:amd64.
#10 152.1 Preparing to unpack .../30-libatomic1_14.2.0-19_amd64.deb ...
#10 152.1 Unpacking libatomic1:amd64 (14.2.0-19) ...
#10 152.2 Selecting previously unselected package libasan8:amd64.
#10 152.2 Preparing to unpack .../31-libasan8_14.2.0-19_amd64.deb ...
#10 152.2 Unpacking libasan8:amd64 (14.2.0-19) ...
#10 152.5 Selecting previously unselected package liblsan0:amd64.
#10 152.5 Preparing to unpack .../32-liblsan0_14.2.0-19_amd64.deb ...
#10 152.5 Unpacking liblsan0:amd64 (14.2.0-19) ...
#10 152.7 Selecting previously unselected package libtsan2:amd64.
#10 152.7 Preparing to unpack .../33-libtsan2_14.2.0-19_amd64.deb ...
#10 152.7 Unpacking libtsan2:amd64 (14.2.0-19) ...
#10 153.4 Selecting previously unselected package libubsan1:amd64.
#10 153.4 Preparing to unpack .../34-libubsan1_14.2.0-19_amd64.deb ...
#10 153.4 Unpacking libubsan1:amd64 (14.2.0-19) ...
#10 153.7 Selecting previously unselected package libhwasan0:amd64.
#10 153.7 Preparing to unpack .../35-libhwasan0_14.2.0-19_amd64.deb ...
#10 153.7 Unpacking libhwasan0:amd64 (14.2.0-19) ...
#10 153.8 Selecting previously unselected package libquadmath0:amd64.
#10 153.8 Preparing to unpack .../36-libquadmath0_14.2.0-19_amd64.deb ...
#10 153.8 Unpacking libquadmath0:amd64 (14.2.0-19) ...
#10 153.8 Selecting previously unselected package libgcc-14-dev:amd64.
#10 153.8 Preparing to unpack .../37-libgcc-14-dev_14.2.0-19_amd64.deb ...
#10 153.8 Unpacking libgcc-14-dev:amd64 (14.2.0-19) ...
#10 ...

#19 [web dev 6/7] RUN npm install --legacy-peer-deps
#19 74.88 
#19 74.88 added 382 packages, and audited 393 packages in 1m
#19 74.88 
#19 74.88 72 packages are looking for funding
#19 74.88   run `npm fund` for details
#19 74.90 
#19 74.90 6 vulnerabilities (5 moderate, 1 high)
#19 74.90 
#19 74.90 To address issues that do not require attention, run:
#19 74.90   npm audit fix
#19 74.90 
#19 74.90 To address all issues (including breaking changes), run:
#19 74.90   npm audit fix --force
#19 74.90 
#19 74.90 Run `npm audit` for details.
#19 74.91 npm notice
#19 74.91 npm notice New major version of npm available! 10.8.2 -> 11.12.1
#19 74.91 npm notice Changelog: https://github.com/npm/cli/releases/tag/v11.12.1
#19 74.91 npm notice To update run: npm install -g npm@11.12.1
#19 74.91 npm notice
#19 DONE 77.5s

#10 [api development 3/6] RUN apt-get update && apt-get install -y --no-install-recommends     build-essential     && rm -rf /var/lib/apt/lists/*
#10 155.6 Selecting previously unselected package gcc-14-x86-64-linux-gnu.
#10 155.6 Preparing to unpack .../38-gcc-14-x86-64-linux-gnu_14.2.0-19_amd64.deb ...
#10 156.0 Unpacking gcc-14-x86-64-linux-gnu (14.2.0-19) ...
#10 156.7 Selecting previously unselected package gcc-14.
#10 156.7 Preparing to unpack .../39-gcc-14_14.2.0-19_amd64.deb ...
#10 156.7 Unpacking gcc-14 (14.2.0-19) ...
#10 156.8 Selecting previously unselected package gcc-x86-64-linux-gnu.
#10 156.8 Preparing to unpack .../40-gcc-x86-64-linux-gnu_4%3a14.2.0-1_amd64.deb ...
#10 156.8 Unpacking gcc-x86-64-linux-gnu (4:14.2.0-1) ...
#10 157.2 Selecting previously unselected package gcc.
#10 ...

#20 [web dev 7/7] WORKDIR /app/apps/web
#20 DONE 0.7s

#10 [api development 3/6] RUN apt-get update && apt-get install -y --no-install-recommends     build-essential     && rm -rf /var/lib/apt/lists/*
#10 157.2 Preparing to unpack .../41-gcc_4%3a14.2.0-1_amd64.deb ...
#10 157.3 Unpacking gcc (4:14.2.0-1) ...
#10 157.4 Selecting previously unselected package libstdc++-14-dev:amd64.
#10 157.4 Preparing to unpack .../42-libstdc++-14-dev_14.2.0-19_amd64.deb ...
#10 157.4 Unpacking libstdc++-14-dev:amd64 (14.2.0-19) ...
#10 159.7 Selecting previously unselected package g++-14-x86-64-linux-gnu.
#10 159.7 Preparing to unpack .../43-g++-14-x86-64-linux-gnu_14.2.0-19_amd64.deb ...
#10 159.7 Unpacking g++-14-x86-64-linux-gnu (14.2.0-19) ...
#10 160.2 Selecting previously unselected package g++-14.
#10 160.2 Preparing to unpack .../44-g++-14_14.2.0-19_amd64.deb ...
#10 160.2 Unpacking g++-14 (14.2.0-19) ...
#10 160.3 Selecting previously unselected package g++-x86-64-linux-gnu.
#10 160.3 Preparing to unpack .../45-g++-x86-64-linux-gnu_4%3a14.2.0-1_amd64.deb ...
#10 160.3 Unpacking g++-x86-64-linux-gnu (4:14.2.0-1) ...
#10 160.3 Selecting previously unselected package g++.
#10 160.3 Preparing to unpack .../46-g++_4%3a14.2.0-1_amd64.deb ...
#10 160.3 Unpacking g++ (4:14.2.0-1) ...
#10 160.4 Selecting previously unselected package make.
#10 160.4 Preparing to unpack .../47-make_4.4.1-2_amd64.deb ...
#10 160.4 Unpacking make (4.4.1-2) ...
#10 160.4 Selecting previously unselected package libdpkg-perl.
#10 160.4 Preparing to unpack .../48-libdpkg-perl_1.22.22_all.deb ...
#10 160.4 Unpacking libdpkg-perl (1.22.22) ...
#10 160.7 Selecting previously unselected package patch.
#10 160.7 Preparing to unpack .../49-patch_2.8-2_amd64.deb ...
#10 160.7 Unpacking patch (2.8-2) ...
#10 160.8 Selecting previously unselected package dpkg-dev.
#10 160.8 Preparing to unpack .../50-dpkg-dev_1.22.22_all.deb ...
#10 160.8 Unpacking dpkg-dev (1.22.22) ...
#10 160.9 Selecting previously unselected package build-essential.
#10 160.9 Preparing to unpack .../51-build-essential_12.12_amd64.deb ...
#10 160.9 Unpacking build-essential (12.12) ...
#10 161.0 Setting up libgdbm-compat4t64:amd64 (1.24-2) ...
#10 161.1 Setting up binutils-common:amd64 (2.44-3) ...
#10 161.1 Setting up linux-libc-dev (6.12.74-2) ...
#10 161.1 Setting up libctf-nobfd0:amd64 (2.44-3) ...
#10 161.2 Setting up libgomp1:amd64 (14.2.0-19) ...
#10 161.2 Setting up bzip2 (1.0.8-6) ...
#10 161.2 Setting up libsframe1:amd64 (2.44-3) ...
#10 161.2 Setting up libjansson4:amd64 (2.14-2+b3) ...
#10 161.2 Setting up rpcsvc-proto (1.4.3-1) ...
#10 161.3 Setting up make (4.4.1-2) ...
#10 161.3 Setting up libmpfr6:amd64 (4.2.2-1) ...
#10 161.3 Setting up xz-utils (5.8.1-1) ...
#10 161.4 update-alternatives: using /usr/bin/xz to provide /usr/bin/lzma (lzma) in auto mode
#10 161.4 update-alternatives: warning: skip creation of /usr/share/man/man1/lzma.1.gz because associated file /usr/share/man/man1/xz.1.gz (of link group lzma) doesn't exist
#10 161.4 update-alternatives: warning: skip creation of /usr/share/man/man1/unlzma.1.gz because associated file /usr/share/man/man1/unxz.1.gz (of link group lzma) doesn't exist
#10 161.4 update-alternatives: warning: skip creation of /usr/share/man/man1/lzcat.1.gz because associated file /usr/share/man/man1/xzcat.1.gz (of link group lzma) doesn't exist
#10 161.4 update-alternatives: warning: skip creation of /usr/share/man/man1/lzmore.1.gz because associated file /usr/share/man/man1/xzmore.1.gz (of link group lzma) doesn't exist
#10 161.4 update-alternatives: warning: skip creation of /usr/share/man/man1/lzless.1.gz because associated file /usr/share/man/man1/xzless.1.gz (of link group lzma) doesn't exist
#10 161.4 update-alternatives: warning: skip creation of /usr/share/man/man1/lzdiff.1.gz because associated file /usr/share/man/man1/xzdiff.1.gz (of link group lzma) doesn't exist
#10 161.4 update-alternatives: warning: skip creation of /usr/share/man/man1/lzcmp.1.gz because associated file /usr/share/man/man1/xzcmp.1.gz (of link group lzma) doesn't exist
#10 161.4 update-alternatives: warning: skip creation of /usr/share/man/man1/lzgrep.1.gz because associated file /usr/share/man/man1/xzgrep.1.gz (of link group lzma) doesn't exist
#10 161.4 update-alternatives: warning: skip creation of /usr/share/man/man1/lzegrep.1.gz because associated file /usr/share/man/man1/xzegrep.1.gz (of link group lzma) doesn't exist
#10 161.4 update-alternatives: warning: skip creation of /usr/share/man/man1/lzfgrep.1.gz because associated file /usr/share/man/man1/xzfgrep.1.gz (of link group lzma) doesn't exist
#10 161.4 Setting up libquadmath0:amd64 (14.2.0-19) ...
#10 161.4 Setting up libmpc3:amd64 (1.3.1-1+b3) ...
#10 161.5 Setting up libatomic1:amd64 (14.2.0-19) ...
#10 161.5 Setting up patch (2.8-2) ...
#10 161.5 Setting up libubsan1:amd64 (14.2.0-19) ...
#10 161.5 Setting up perl-modules-5.40 (5.40.1-6) ...
#10 161.5 Setting up libhwasan0:amd64 (14.2.0-19) ...
#10 161.5 Setting up libcrypt-dev:amd64 (1:4.4.38-1) ...
#10 161.5 Setting up libasan8:amd64 (14.2.0-19) ...
#10 161.5 Setting up libtsan2:amd64 (14.2.0-19) ...
#10 161.6 Setting up libbinutils:amd64 (2.44-3) ...
#10 161.6 Setting up libisl23:amd64 (0.27-1) ...
#10 161.6 Setting up libc-dev-bin (2.41-12+deb13u2) ...
#10 161.6 Setting up libcc1-0:amd64 (14.2.0-19) ...
#10 161.6 Setting up liblsan0:amd64 (14.2.0-19) ...
#10 161.6 Setting up libitm1:amd64 (14.2.0-19) ...
#10 161.7 Setting up libctf0:amd64 (2.44-3) ...
#10 161.7 Setting up libperl5.40:amd64 (5.40.1-6) ...
#10 161.7 Setting up perl (5.40.1-6) ...
#10 161.7 Setting up libgprofng0:amd64 (2.44-3) ...
#10 161.7 Setting up cpp-14-x86-64-linux-gnu (14.2.0-19) ...
#10 161.8 Setting up libdpkg-perl (1.22.22) ...
#10 161.8 Setting up cpp-14 (14.2.0-19) ...
#10 161.8 Setting up libc6-dev:amd64 (2.41-12+deb13u2) ...
#10 161.8 Setting up libgcc-14-dev:amd64 (14.2.0-19) ...
#10 161.8 Setting up libstdc++-14-dev:amd64 (14.2.0-19) ...
#10 161.8 Setting up binutils-x86-64-linux-gnu (2.44-3) ...
#10 161.8 Setting up cpp-x86-64-linux-gnu (4:14.2.0-1) ...
#10 161.8 Setting up binutils (2.44-3) ...
#10 161.9 Setting up dpkg-dev (1.22.22) ...
#10 161.9 Setting up cpp (4:14.2.0-1) ...
#10 161.9 Setting up gcc-14-x86-64-linux-gnu (14.2.0-19) ...
#10 161.9 Setting up gcc-x86-64-linux-gnu (4:14.2.0-1) ...
#10 161.9 Setting up gcc-14 (14.2.0-19) ...
#10 161.9 Setting up g++-14-x86-64-linux-gnu (14.2.0-19) ...
#10 161.9 Setting up g++-x86-64-linux-gnu (4:14.2.0-1) ...
#10 162.0 Setting up g++-14 (14.2.0-19) ...
#10 162.0 Setting up gcc (4:14.2.0-1) ...
#10 162.0 Setting up g++ (4:14.2.0-1) ...
#10 162.0 update-alternatives: using /usr/bin/g++ to provide /usr/bin/c++ (c++) in auto mode
#10 162.0 Setting up build-essential (12.12) ...
#10 162.0 Processing triggers for libc-bin (2.41-12+deb13u2) ...
#10 DONE 163.2s

#21 [web] exporting to image
#21 exporting layers
#21 ...

#10 [api development 3/6] RUN apt-get update && apt-get install -y --no-install-recommends     build-essential     && rm -rf /var/lib/apt/lists/*
#10 DONE 163.2s

#22 [celery-worker development 4/6] RUN pip install --no-cache-dir uv
#22 7.773 Collecting uv
#22 8.136   Downloading uv-0.11.2-py3-none-manylinux_2_17_x86_64.manylinux2014_x86_64.whl.metadata (11 kB)
#22 8.205 Downloading uv-0.11.2-py3-none-manylinux_2_17_x86_64.manylinux2014_x86_64.whl (24.6 MB)
#22 14.55    ΓöüΓöüΓöüΓöüΓöüΓöüΓöüΓöüΓöüΓöüΓöüΓöüΓöüΓöüΓöüΓöüΓöüΓöüΓöüΓöüΓöüΓöüΓöüΓöüΓöüΓöüΓöüΓöüΓöüΓöüΓöüΓöüΓöüΓöüΓöüΓöüΓöüΓöüΓöüΓöü 24.6/24.6 MB 3.9 MB/s eta 0:00:00
#22 14.61 Installing collected packages: uv
#22 15.15 Successfully installed uv-0.11.2
#22 15.15 WARNING: Running pip as the 'root' user can result in broken permissions and conflicting behaviour with the system package manager, possibly rendering your system unusable. It is recommended to use a virtual environment instead: https://pip.pypa.io/warnings/venv. Use the --root-user-action option if you know what you are doing and want to suppress this warning.
#22 15.40 
#22 15.40 [notice] A new release of pip is available: 25.0.1 -> 26.0.1
#22 15.40 [notice] To update, run: pip install --upgrade pip
#22 DONE 16.3s

#21 [web] exporting to image
#21 ...

#22 [api development 4/6] RUN pip install --no-cache-dir uv
#22 DONE 16.3s

#23 [celery-worker development 5/6] COPY . .
#23 DONE 1.1s

#21 [web] exporting to image
#21 ...

#23 [celery-worker development 5/6] COPY . .
#23 DONE 1.1s

#24 [celery-worker development 6/6] RUN uv pip install --system --no-cache ".[dev]"
#24 1.093 Using Python 3.12.13 environment at: /usr/local
#24 4.794 Resolved 94 packages in 3.69s
#24 4.810    Building wealthspot-api @ file:///app
#24 4.986 Downloading uvloop (4.2MiB)
#24 5.007 Downloading pygments (1.2MiB)
#24 5.042 Downloading asyncpg (3.4MiB)
#24 5.046 Downloading faker (1.9MiB)
#24 5.097 Downloading ruff (10.7MiB)
#24 5.137 Downloading pydantic-core (2.0MiB)
#24 5.145 Downloading mypy (13.0MiB)
#24 5.152 Downloading botocore (14.1MiB)
#24 5.158 Downloading cryptography (4.3MiB)
#24 5.164 Downloading sqlalchemy (3.2MiB)
#24 5.168 Downloading stripe (2.0MiB)
#24 ...

#21 [web] exporting to image
#21 exporting layers 31.8s done
#21 exporting manifest sha256:a2cf91dba3e859a2573778572af9ab37cbcf8f76fc070b312f1107a1d95f370e
#21 exporting manifest sha256:a2cf91dba3e859a2573778572af9ab37cbcf8f76fc070b312f1107a1d95f370e 0.4s done
#21 exporting config sha256:c81b7d03ebdc2e822be9f665228f4ff670183552ea8f2bd8f1a14a09be9e5980
#21 exporting config sha256:c81b7d03ebdc2e822be9f665228f4ff670183552ea8f2bd8f1a14a09be9e5980 0.2s done
#21 exporting attestation manifest sha256:a113b6a86a2dff598af1b6e796d6e84bdf9d99987af69e1779a938e999c83cf1
#21 exporting attestation manifest sha256:a113b6a86a2dff598af1b6e796d6e84bdf9d99987af69e1779a938e999c83cf1 0.4s done
#21 exporting manifest list sha256:407f3cd9eb5fc1f8b41bcb8d6790c75ca55c0ec1da90f4015799cf2785da3a81
#21 exporting manifest list sha256:407f3cd9eb5fc1f8b41bcb8d6790c75ca55c0ec1da90f4015799cf2785da3a81 0.3s done
#21 naming to docker.io/library/wealthspot-web:latest 0.0s done
#21 unpacking to docker.io/library/wealthspot-web:latest
#21 ...

#24 [celery-worker development 6/6] RUN uv pip install --system --no-cache ".[dev]"
#24 12.85  Downloaded pygments
#24 14.52  Downloaded pydantic-core
#24 15.26       Built wealthspot-api @ file:///app
#24 16.87  Downloaded stripe
#24 16.89  Downloaded sqlalchemy
#24 16.99  Downloaded faker
#24 17.02  Downloaded asyncpg
#24 18.10  Downloaded uvloop
#24 18.81  Downloaded cryptography
#24 24.74  Downloaded ruff
#24 28.25  Downloaded botocore
#24 30.02  Downloaded mypy
#24 30.02 Prepared 94 packages in 25.22s
#24 36.68 Installed 94 packages in 6.65s
#24 36.68  + aiosqlite==0.22.1
#24 36.68  + alembic==1.18.4
#24 36.68  + amqp==5.3.1
#24 36.68  + annotated-doc==0.0.4
#24 36.68  + annotated-types==0.7.0
#24 36.68  + anyio==4.13.0
#24 36.68  + asyncpg==0.31.0
#24 36.68  + bcrypt==5.0.0
#24 36.68  + billiard==4.2.4
#24 36.68  + boto3==1.42.79
#24 36.68  + botocore==1.42.79
#24 36.68  + celery==5.6.3
#24 36.68  + certifi==2026.2.25
#24 36.68  + cffi==2.0.0
#24 36.68  + charset-normalizer==3.4.6
#24 36.68  + click==8.3.1
#24 36.68  + click-didyoumean==0.3.1
#24 36.68  + click-plugins==1.1.1.2
#24 36.68  + click-repl==0.3.0
#24 36.68  + coverage==7.13.5
#24 36.68  + cryptography==46.0.6
#24 36.68  + dnspython==2.8.0
#24 36.68  + ecdsa==0.19.2
#24 36.68  + email-validator==2.3.0
#24 36.68  + faker==40.12.0
#24 36.68  + fastapi==0.135.2
#24 36.68  + fastapi-cli==0.0.24
#24 36.68  + fastapi-cloud-cli==0.15.1
#24 36.68  + fastar==0.9.0
#24 36.68  + greenlet==3.3.2
#24 36.68  + h11==0.16.0
#24 36.68  + httpcore==1.0.9
#24 36.68  + httptools==0.7.1
#24 36.68  + httpx==0.28.1
#24 36.68  + idna==3.11
#24 36.68  + iniconfig==2.3.0
#24 36.68  + jinja2==3.1.6
#24 36.68  + jmespath==1.1.0
#24 36.68  + kombu==5.6.2
#24 36.68  + librt==0.8.1
#24 36.68  + mako==1.3.10
#24 36.68  + markdown-it-py==4.0.0
#24 36.68  + markupsafe==3.0.3
#24 36.68  + mdurl==0.1.2
#24 36.68  + mypy==1.19.1
#24 36.68  + mypy-extensions==1.1.0
#24 36.68  + packaging==26.0
#24 36.68  + passlib==1.7.4
#24 36.68  + pathspec==1.0.4
#24 36.68  + pluggy==1.6.0
#24 36.68  + prompt-toolkit==3.0.52
#24 36.68  + pyasn1==0.6.3
#24 36.68  + pycparser==3.0
#24 36.68  + pydantic==2.12.5
#24 36.68  + pydantic-core==2.41.5
#24 36.68  + pydantic-extra-types==2.11.1
#24 36.68  + pydantic-settings==2.13.1
#24 36.68  + pygments==2.20.0
#24 36.68  + pytest==9.0.2
#24 36.68  + pytest-asyncio==1.3.0
#24 36.68  + pytest-cov==7.1.0
#24 36.68  + python-dateutil==2.9.0.post0
#24 36.68  + python-dotenv==1.2.2
#24 36.68  + python-jose==3.5.0
#24 36.68  + python-multipart==0.0.22
#24 36.68  + pyyaml==6.0.3
#24 36.68  + razorpay==2.0.1
#24 36.68  + redis==7.4.0
#24 36.68  + requests==2.33.1
#24 36.68  + rich==14.3.3
#24 36.68  + rich-toolkit==0.19.7
#24 36.68  + rignore==0.7.6
#24 36.68  + rsa==4.9.1
#24 36.68  + ruff==0.15.8
#24 36.68  + s3transfer==0.16.0
#24 36.68  + sentry-sdk==2.56.0
#24 36.68  + shellingham==1.5.4
#24 36.68  + six==1.17.0
#24 36.68  + sqlalchemy==2.0.48
#24 36.68  + starlette==1.0.0
#24 36.68  + stripe==15.0.0
#24 36.68  + typer==0.24.1
#24 36.68  + typing-extensions==4.15.0
#24 36.68  + typing-inspection==0.4.2
#24 36.68  + tzdata==2025.3
#24 36.68  + tzlocal==5.3.1
#24 36.68  + urllib3==2.6.3
#24 36.68  + uvicorn==0.42.0
#24 36.68  + uvloop==0.22.1
#24 36.68  + vine==5.1.0
#24 36.68  + watchfiles==1.1.1
#24 36.68  + wcwidth==0.6.0
#24 36.68  + wealthspot-api==0.1.0 (from file:///app)
#24 36.68  + websockets==16.0
#24 DONE 39.0s

#21 [web] exporting to image
#21 ...

#24 [api development 6/6] RUN uv pip install --system --no-cache ".[dev]"
#24 DONE 39.0s

#25 [api] exporting to image
#25 exporting layers
#25 ...

#26 [celery-worker] exporting to image
#26 ...

#21 [web] exporting to image
#21 unpacking to docker.io/library/wealthspot-web:latest 56.8s done
#21 DONE 90.5s

#25 [api] exporting to image
#25 ...

#27 [web] resolving provenance for metadata file
#27 DONE 0.7s

#25 [api] exporting to image
#25 ...

#26 [celery-worker] exporting to image
#26 exporting layers 38.3s done
#26 exporting manifest sha256:0672bb566cdd8b6bedb67825569ed144894073e7f5ba455ce6d7ac0d4d735ca7 0.1s done
#26 exporting config sha256:feb31bb1591ae3b6db07cc6a9cee6b26c83efe4d08421f1844ddf7fdc695184a
#26 exporting config sha256:feb31bb1591ae3b6db07cc6a9cee6b26c83efe4d08421f1844ddf7fdc695184a 0.0s done
#26 exporting attestation manifest sha256:35b98f53409da9746ba2f91f45f886073be78a327743aac9f6e5df9e8f628a84
#26 exporting attestation manifest sha256:35b98f53409da9746ba2f91f45f886073be78a327743aac9f6e5df9e8f628a84 0.4s done
#26 exporting manifest list sha256:e6fc13d807d5cbe4d8c2124e48611c98d115549f54f5aab349b9c91a948bd010
#26 exporting manifest list sha256:e6fc13d807d5cbe4d8c2124e48611c98d115549f54f5aab349b9c91a948bd010 0.1s done
#26 naming to docker.io/library/wealthspot-celery-worker:latest 0.0s done
#26 unpacking to docker.io/library/wealthspot-celery-worker:latest
#26 ...

#25 [api] exporting to image
#25 exporting layers 38.3s done
#25 exporting manifest sha256:901cca4d344ea6ea17d6b2d7f59c75f8166ffc959943b289122bb83a4287464a 0.0s done
#25 exporting config sha256:a1710eeb569a99321c2f86a793507289036cc97f5f691d2d7c9e7f49fae0decd 0.1s done
#25 exporting attestation manifest sha256:3d90858d9d6fc64341ec701702a7284fbb979481fba308a9813503bbad6b82a5 0.4s done
#25 exporting manifest list sha256:b782adb28c0c7fd00bf3faa24ced3e4084aab22307c8a7035a5d693489d84899 0.1s done
#25 naming to docker.io/library/wealthspot-api:latest 0.0s done
#25 unpacking to docker.io/library/wealthspot-api:latest
#25 unpacking to docker.io/library/wealthspot-api:latest 107.3s done
#25 DONE 146.6s

#26 [celery-worker] exporting to image
#26 unpacking to docker.io/library/wealthspot-celery-worker:latest 107.7s done
#26 DONE 147.3s

#28 [api] resolving provenance for metadata file
#28 ...

#29 [celery-worker] resolving provenance for metadata file
#29 DONE 0.7s

#28 [api] resolving provenance for metadata file
#28 DONE 0.8s
 Image wealthspot-celery-worker Built 
 Image wealthspot-web Built 
 Image wealthspot-api Built 
